[ActionDispatch::HostAuthorization::DefaultResponseApp] Blocked host: veronikacoding-organic-dollop-5564g96w9gq246xr-3000.preview.app.github.dev
[ActionDispatch::HostAuthorization::DefaultResponseApp] Blocked host: veronikacoding-organic-dollop-5564g96w9gq246xr-3000.preview.app.github.dev
[ActionDispatch::HostAuthorization::DefaultResponseApp] Blocked host: veronikacoding-organic-dollop-5564g96w9gq246xr-3000.preview.app.github.dev
[ActionDispatch::HostAuthorization::DefaultResponseApp] Blocked host: veronikacoding-organic-dollop-5564g96w9gq246xr-3000.preview.app.github.dev
[ActionDispatch::HostAuthorization::DefaultResponseApp] Blocked host: veronikacoding-organic-dollop-5564g96w9gq246xr-3000.preview.app.github.dev
[ActionDispatch::HostAuthorization::DefaultResponseApp] Blocked host: veronikacoding-organic-dollop-5564g96w9gq246xr-3000.preview.app.github.dev
[ActionDispatch::HostAuthorization::DefaultResponseApp] Blocked host: veronikacoding-organic-dollop-5564g96w9gq246xr-3000.preview.app.github.dev
[ActionDispatch::HostAuthorization::DefaultResponseApp] Blocked host: veronikacoding-organic-dollop-5564g96w9gq246xr-3000.preview.app.github.dev
[ActionDispatch::HostAuthorization::DefaultResponseApp] Blocked host: veronikacoding-organic-dollop-5564g96w9gq246xr-3000.preview.app.github.dev
[ActionDispatch::HostAuthorization::DefaultResponseApp] Blocked host: veronikacoding-organic-dollop-5564g96w9gq246xr-3000.preview.app.github.dev
[ActionDispatch::HostAuthorization::DefaultResponseApp] Blocked host: veronikacoding-organic-dollop-5564g96w9gq246xr-3000.preview.app.github.dev
[ActionDispatch::HostAuthorization::DefaultResponseApp] Blocked host: veronikacoding-organic-dollop-5564g96w9gq246xr-3000.preview.app.github.dev
[ActionDispatch::HostAuthorization::DefaultResponseApp] Blocked host: veronikacoding-organic-dollop-5564g96w9gq246xr-3000.preview.app.github.dev
[ActionDispatch::HostAuthorization::DefaultResponseApp] Blocked host: veronikacoding-organic-dollop-5564g96w9gq246xr-3000.preview.app.github.dev
[ActionDispatch::HostAuthorization::DefaultResponseApp] Blocked host: veronikacoding-organic-dollop-5564g96w9gq246xr-3000.preview.app.github.dev
[ActionDispatch::HostAuthorization::DefaultResponseApp] Blocked host: veronikacoding-organic-dollop-5564g96w9gq246xr-3000.preview.app.github.dev
[ActionDispatch::HostAuthorization::DefaultResponseApp] Blocked host: veronikacoding-organic-dollop-5564g96w9gq246xr-3000.preview.app.github.dev
[ActionDispatch::HostAuthorization::DefaultResponseApp] Blocked host: veronikacoding-organic-dollop-5564g96w9gq246xr-3000.preview.app.github.dev
[ActionDispatch::HostAuthorization::DefaultResponseApp] Blocked host: veronikacoding-organic-dollop-5564g96w9gq246xr-3000.preview.app.github.dev
[ActionDispatch::HostAuthorization::DefaultResponseApp] Blocked host: veronikacoding-organic-dollop-5564g96w9gq246xr-3000.preview.app.github.dev
[ActionDispatch::HostAuthorization::DefaultResponseApp] Blocked host: veronikacoding-organic-dollop-5564g96w9gq246xr-3000.preview.app.github.dev
[ActionDispatch::HostAuthorization::DefaultResponseApp] Blocked host: veronikacoding-organic-dollop-5564g96w9gq246xr-3000.preview.app.github.dev
[ActionDispatch::HostAuthorization::DefaultResponseApp] Blocked host: veronikacoding-organic-dollop-5564g96w9gq246xr-3000.preview.app.github.dev
[ActionDispatch::HostAuthorization::DefaultResponseApp] Blocked host: veronikacoding-organic-dollop-5564g96w9gq246xr-3000.preview.app.github.dev
[ActionDispatch::HostAuthorization::DefaultResponseApp] Blocked host: veronikacoding-organic-dollop-5564g96w9gq246xr-3000.preview.app.github.dev
[ActionDispatch::HostAuthorization::DefaultResponseApp] Blocked host: veronikacoding-organic-dollop-5564g96w9gq246xr-3000.preview.app.github.dev
[ActionDispatch::HostAuthorization::DefaultResponseApp] Blocked host: veronikacoding-organic-dollop-5564g96w9gq246xr-3000.preview.app.github.dev
[ActionDispatch::HostAuthorization::DefaultResponseApp] Blocked host: veronikacoding-organic-dollop-5564g96w9gq246xr-3000.preview.app.github.dev
[ActionDispatch::HostAuthorization::DefaultResponseApp] Blocked host: veronikacoding-organic-dollop-5564g96w9gq246xr-3000.preview.app.github.dev
[ActionDispatch::HostAuthorization::DefaultResponseApp] Blocked host: veronikacoding-organic-dollop-5564g96w9gq246xr-3000.preview.app.github.dev
[ActionDispatch::HostAuthorization::DefaultResponseApp] Blocked host: veronikacoding-organic-dollop-5564g96w9gq246xr-3000.preview.app.github.dev
[ActionDispatch::HostAuthorization::DefaultResponseApp] Blocked host: veronikacoding-organic-dollop-5564g96w9gq246xr-3000.preview.app.github.dev
[ActionDispatch::HostAuthorization::DefaultResponseApp] Blocked host: veronikacoding-organic-dollop-5564g96w9gq246xr-3000.preview.app.github.dev
[ActionDispatch::HostAuthorization::DefaultResponseApp] Blocked host: veronikacoding-organic-dollop-5564g96w9gq246xr-3000.preview.app.github.dev
[ActionDispatch::HostAuthorization::DefaultResponseApp] Blocked host: veronikacoding-organic-dollop-5564g96w9gq246xr-3000.preview.app.github.dev
[ActionDispatch::HostAuthorization::DefaultResponseApp] Blocked host: veronikacoding-organic-dollop-5564g96w9gq246xr-3000.preview.app.github.dev
[ActionDispatch::HostAuthorization::DefaultResponseApp] Blocked host: veronikacoding-organic-dollop-5564g96w9gq246xr-3000.preview.app.github.dev
[ActionDispatch::HostAuthorization::DefaultResponseApp] Blocked host: veronikacoding-organic-dollop-5564g96w9gq246xr-3000.preview.app.github.dev
[ActionDispatch::HostAuthorization::DefaultResponseApp] Blocked host: veronikacoding-organic-dollop-5564g96w9gq246xr-3000.preview.app.github.dev
[ActionDispatch::HostAuthorization::DefaultResponseApp] Blocked host: veronikacoding-organic-dollop-5564g96w9gq246xr-3000.preview.app.github.dev
[ActionDispatch::HostAuthorization::DefaultResponseApp] Blocked host: veronikacoding-organic-dollop-5564g96w9gq246xr-3000.preview.app.github.dev
[ActionDispatch::HostAuthorization::DefaultResponseApp] Blocked host: veronikacoding-organic-dollop-5564g96w9gq246xr-3000.preview.app.github.dev
[ActionDispatch::HostAuthorization::DefaultResponseApp] Blocked host: veronikacoding-organic-dollop-5564g96w9gq246xr-3000.preview.app.github.dev
[ActionDispatch::HostAuthorization::DefaultResponseApp] Blocked host: veronikacoding-organic-dollop-5564g96w9gq246xr-3000.preview.app.github.dev
[ActionDispatch::HostAuthorization::DefaultResponseApp] Blocked host: veronikacoding-organic-dollop-5564g96w9gq246xr-3000.preview.app.github.dev
[ActionDispatch::HostAuthorization::DefaultResponseApp] Blocked host: veronikacoding-organic-dollop-5564g96w9gq246xr-3000.preview.app.github.dev
[ActionDispatch::HostAuthorization::DefaultResponseApp] Blocked host: veronikacoding-organic-dollop-5564g96w9gq246xr-3000.preview.app.github.dev
[ActionDispatch::HostAuthorization::DefaultResponseApp] Blocked host: veronikacoding-organic-dollop-5564g96w9gq246xr-3000.preview.app.github.dev
[ActionDispatch::HostAuthorization::DefaultResponseApp] Blocked host: veronikacoding-organic-dollop-5564g96w9gq246xr-3000.preview.app.github.dev
[ActionDispatch::HostAuthorization::DefaultResponseApp] Blocked host: veronikacoding-organic-dollop-5564g96w9gq246xr-3000.preview.app.github.dev
[ActionDispatch::HostAuthorization::DefaultResponseApp] Blocked host: veronikacoding-organic-dollop-5564g96w9gq246xr-3000.preview.app.github.dev
[ActionDispatch::HostAuthorization::DefaultResponseApp] Blocked host: veronikacoding-organic-dollop-5564g96w9gq246xr-3000.preview.app.github.dev
[ActionDispatch::HostAuthorization::DefaultResponseApp] Blocked host: veronikacoding-organic-dollop-5564g96w9gq246xr-3000.preview.app.github.dev
[ActionDispatch::HostAuthorization::DefaultResponseApp] Blocked host: veronikacoding-organic-dollop-5564g96w9gq246xr-3000.preview.app.github.dev
[ActionDispatch::HostAuthorization::DefaultResponseApp] Blocked host: veronikacoding-organic-dollop-5564g96w9gq246xr-3000.preview.app.github.dev
[ActionDispatch::HostAuthorization::DefaultResponseApp] Blocked host: veronikacoding-organic-dollop-5564g96w9gq246xr-3000.preview.app.github.dev
Started GET "/" for 82.0.198.28 at 2023-05-19 09:44:22 +0000
Cannot render console from 82.0.198.28! Allowed networks: 127.0.0.0/127.255.255.255, ::1
Processing by Rails::WelcomeController#index as HTML
  Rendering /usr/local/rvm/gems/default/gems/railties-7.0.4.3/lib/rails/templates/rails/welcome/index.html.erb
  Rendered /usr/local/rvm/gems/default/gems/railties-7.0.4.3/lib/rails/templates/rails/welcome/index.html.erb (Duration: 6.2ms | Allocations: 490)
Completed 200 OK in 31ms (Views: 16.2ms | ActiveRecord: 0.0ms | Allocations: 4054)


  [1m[35m (51.6ms)[0m  [1m[35mCREATE TABLE "schema_migrations" ("version" varchar NOT NULL PRIMARY KEY)[0m
  [1m[35m (40.6ms)[0m  [1m[35mCREATE TABLE "ar_internal_metadata" ("key" varchar NOT NULL PRIMARY KEY, "value" varchar, "created_at" datetime(6) NOT NULL, "updated_at" datetime(6) NOT NULL)[0m
  [1m[36mActiveRecord::SchemaMigration Pluck (0.1ms)[0m  [1m[34mSELECT "schema_migrations"."version" FROM "schema_migrations" ORDER BY "schema_migrations"."version" ASC[0m
Migrating to CreateIdeas (20230519094928)
  [1m[36mTRANSACTION (0.1ms)[0m  [1m[36mbegin transaction[0m
  [1m[35m (0.8ms)[0m  [1m[35mCREATE TABLE "ideas" ("id" integer PRIMARY KEY AUTOINCREMENT NOT NULL, "name" varchar, "description" text, "picture" varchar, "created_at" datetime(6) NOT NULL, "updated_at" datetime(6) NOT NULL)[0m
  [1m[36mActiveRecord::SchemaMigration Create (0.2ms)[0m  [1m[32mINSERT INTO "schema_migrations" ("version") VALUES (?)[0m  [["version", "20230519094928"]]
  [1m[36mTRANSACTION (38.2ms)[0m  [1m[36mcommit transaction[0m
  [1m[36mActiveRecord::InternalMetadata Load (0.1ms)[0m  [1m[34mSELECT "ar_internal_metadata".* FROM "ar_internal_metadata" WHERE "ar_internal_metadata"."key" = ? LIMIT ?[0m  [["key", "environment"], ["LIMIT", 1]]
  [1m[36mTRANSACTION (0.0ms)[0m  [1m[36mbegin transaction[0m
  [1m[36mActiveRecord::InternalMetadata Create (0.2ms)[0m  [1m[32mINSERT INTO "ar_internal_metadata" ("key", "value", "created_at", "updated_at") VALUES (?, ?, ?, ?)[0m  [["key", "environment"], ["value", "development"], ["created_at", "2023-05-19 11:01:39.292350"], ["updated_at", "2023-05-19 11:01:39.292350"]]
  [1m[36mTRANSACTION (31.9ms)[0m  [1m[36mcommit transaction[0m
  [1m[36mActiveRecord::SchemaMigration Pluck (0.1ms)[0m  [1m[34mSELECT "schema_migrations"."version" FROM "schema_migrations" ORDER BY "schema_migrations"."version" ASC[0m
Started GET "/ideas" for 5.148.35.164 at 2023-05-19 11:08:56 +0000
Cannot render console from 5.148.35.164! Allowed networks: 127.0.0.0/127.255.255.255, ::1
  [1m[36mActiveRecord::SchemaMigration Pluck (0.1ms)[0m  [1m[34mSELECT "schema_migrations"."version" FROM "schema_migrations" ORDER BY "schema_migrations"."version" ASC[0m
Processing by IdeasController#index as HTML
  Rendering layout layouts/application.html.erb
  Rendering ideas/index.html.erb within layouts/application
  [1m[36mIdea Load (0.2ms)[0m  [1m[34mSELECT "ideas".* FROM "ideas"[0m
  ↳ app/views/ideas/index.html.erb:6
  Rendered ideas/index.html.erb within layouts/application (Duration: 5.9ms | Allocations: 1478)
  Rendered layout layouts/application.html.erb (Duration: 566.3ms | Allocations: 86300)
Completed 200 OK in 583ms (Views: 570.6ms | ActiveRecord: 0.2ms | Allocations: 90164)


Started GET "/" for 5.148.35.164 at 2023-05-19 11:09:08 +0000
Cannot render console from 5.148.35.164! Allowed networks: 127.0.0.0/127.255.255.255, ::1
Started GET "/ideas" for 5.148.35.164 at 2023-05-19 11:09:08 +0000
Cannot render console from 5.148.35.164! Allowed networks: 127.0.0.0/127.255.255.255, ::1
Processing by IdeasController#index as HTML
  Rendering layout layouts/application.html.erb
  Rendering ideas/index.html.erb within layouts/application
  [1m[36mIdea Load (0.1ms)[0m  [1m[34mSELECT "ideas".* FROM "ideas"[0m
  ↳ app/views/ideas/index.html.erb:6
  Rendered ideas/index.html.erb within layouts/application (Duration: 2.3ms | Allocations: 787)
  Rendered layout layouts/application.html.erb (Duration: 8.0ms | Allocations: 2909)
Completed 200 OK in 9ms (Views: 8.9ms | ActiveRecord: 0.1ms | Allocations: 3189)


